2026-01-20 17:37:06,555 - INFO - Telegram client initialized
2026-01-20 17:38:01,273 - INFO - Client authenticated. Scraping 4 channels...
2026-01-20 17:38:01,275 - INFO - Scraping @cheMed123...
2026-01-20 17:38:01,491 - INFO - Starting scrape of @cheMed123 (limit=100)
2026-01-20 17:40:06,170 - INFO - Finished scraping @cheMed123: 76 messages saved
2026-01-20 17:40:09,175 - INFO - Scraping @lobelia4cosmetics...
2026-01-20 17:40:09,439 - INFO - Starting scrape of @lobelia4cosmetics (limit=100)
2026-01-20 19:53:50,341 - INFO - Telegram client initialized
2026-01-20 19:53:52,301 - INFO - Client authenticated. Scraping 4 channels...
2026-01-20 19:53:52,304 - INFO - Scraping @cheMed123...
2026-01-20 19:53:52,618 - INFO - Starting scrape of @cheMed123 (limit=100)
2026-01-20 19:57:54,057 - INFO - Finished scraping @cheMed123: 76 messages saved
2026-01-20 19:57:57,061 - INFO - Scraping @lobelia4cosmetics...
2026-01-20 19:57:57,326 - INFO - Starting scrape of @lobelia4cosmetics (limit=100)
2026-01-20 20:02:46,052 - INFO - Finished scraping @lobelia4cosmetics: 100 messages saved
2026-01-20 20:02:49,059 - INFO - Scraping @tikvahpharma...
2026-01-20 20:02:49,586 - INFO - Starting scrape of @tikvahpharma (limit=100)
2026-01-20 20:06:28,852 - INFO - Finished scraping @tikvahpharma: 100 messages saved
2026-01-20 20:06:31,862 - INFO - Scraping @tenamereja...
2026-01-20 20:06:32,098 - INFO - Starting scrape of @tenamereja (limit=100)
2026-01-20 20:09:30,211 - INFO - Finished scraping @tenamereja: 100 messages saved
2026-01-20 20:09:33,224 - INFO - Scraping complete. Total messages: 376
2026-01-20 20:09:33,225 - INFO -   @cheMed123: 76 messages
2026-01-20 20:09:33,226 - INFO -   @lobelia4cosmetics: 100 messages
2026-01-20 20:09:33,226 - INFO -   @tikvahpharma: 100 messages
2026-01-20 20:09:33,227 - INFO -   @tenamereja: 100 messages
2026-01-20 20:15:22,076 - INFO - Telegram client initialized
2026-01-20 20:15:28,273 - INFO - Client authenticated. Scraping 4 channels...
2026-01-20 20:15:28,279 - INFO - Scraping @cheMed123...
2026-01-20 20:15:28,580 - INFO - Starting scrape of @cheMed123 (limit=100)
2026-01-20 20:23:28,935 - INFO - Finished scraping @cheMed123: 76 messages saved
2026-01-20 20:23:31,952 - INFO - Scraping @lobelia4cosmetics...
2026-01-20 20:23:32,218 - INFO - Starting scrape of @lobelia4cosmetics (limit=100)
2026-01-20 20:36:33,455 - INFO - Finished scraping @lobelia4cosmetics: 100 messages saved
2026-01-20 20:36:36,471 - INFO - Scraping @tikvahpharma...
2026-01-20 20:36:36,766 - INFO - Starting scrape of @tikvahpharma (limit=100)
2026-01-20 20:48:42,792 - INFO - Finished scraping @tikvahpharma: 100 messages saved
2026-01-20 20:48:45,818 - INFO - Scraping @tenamereja...
2026-01-20 20:48:46,796 - INFO - Starting scrape of @tenamereja (limit=100)
2026-01-20 21:01:26,038 - INFO - Finished scraping @tenamereja: 100 messages saved
2026-01-20 21:01:29,060 - INFO - Scraping complete. Total messages: 376
2026-01-20 21:01:29,061 - INFO -   @cheMed123: 76 messages
2026-01-20 21:01:29,061 - INFO -   @lobelia4cosmetics: 100 messages
2026-01-20 21:01:29,062 - INFO -   @tikvahpharma: 100 messages
2026-01-20 21:01:29,062 - INFO -   @tenamereja: 100 messages
